[    0.000000] Initializing cgroup subsys cpuset
[    0.000000] Initializing cgroup subsys cpu
[    0.000000] Initializing cgroup subsys cpuacct
[    0.000000] Linux version 4.4.0-210-generic (buildd@lgw01-amd64-009) (gcc version 5.4.0 20160609 (Ubuntu 5.4.0-6ubuntu1~16.04.12) ) #242-Ubuntu SMP Fri Apr 16 09:57:56 UTC 2021 (Ubuntu 4.4.0-210.242-generic 4.4.262)
[    0.000000] Command line: BOOT_IMAGE=/boot/vmlinuz-4.4.0-210-generic root=LABEL=cloudimg-rootfs ro console=tty1 console=ttyS0
[    0.000000] KERNEL supported cpus:
[    0.000000]   Intel GenuineIntel
[    0.000000]   AMD AuthenticAMD
[    0.000000]   Centaur CentaurHauls
[    0.000000] x86/fpu: Legacy x87 FPU detected.
[    0.000000] e820: BIOS-provided physical RAM map:
[    0.000000] BIOS-e820: [mem 0x0000000000000000-0x000000000009fbff] usable
[    0.000000] BIOS-e820: [mem 0x000000000009fc00-0x000000000009ffff] reserved
[    0.000000] BIOS-e820: [mem 0x00000000000f0000-0x00000000000fffff] reserved
[    0.000000] BIOS-e820: [mem 0x0000000000100000-0x000000003ffeffff] usable
[    0.000000] BIOS-e820: [mem 0x000000003fff0000-0x000000003fffffff] ACPI data
[    0.000000] BIOS-e820: [mem 0x00000000fec00000-0x00000000fec00fff] reserved
[    0.000000] BIOS-e820: [mem 0x00000000fee00000-0x00000000fee00fff] reserved
[    0.000000] BIOS-e820: [mem 0x00000000fffc0000-0x00000000ffffffff] reserved
[    0.000000] NX (Execute Disable) protection: active
[    0.000000] SMBIOS 2.5 present.
[    0.000000] Hypervisor detected: KVM
[    0.000000] Kernel/User page tables isolation: disabled
[    0.000000] e820: last_pfn = 0x3fff0 max_arch_pfn = 0x400000000
[    0.000000] MTRR: Disabled
[    0.000000] x86/PAT: MTRRs disabled, skipping PAT initialization too.
[    0.000000] CPU MTRRs all blank - virtualized system.
[    0.000000] x86/PAT: Configuration [0-7]: WB  WT  UC- UC  WB  WT  UC- UC  
[    0.000000] found SMP MP-table at [mem 0x0009fff0-0x0009ffff] mapped at [ffff88000009fff0]
[    0.000000] Scanning 1 areas for low memory corruption
[    0.000000] RAMDISK: [mem 0x362dc000-0x37165fff]
[    0.000000] ACPI: Early table checksum verification disabled
[    0.000000] ACPI: RSDP 0x00000000000E0000 000024 (v02 VBOX  )
[    0.000000] ACPI: XSDT 0x000000003FFF0030 00003C (v01 VBOX   VBOXXSDT 00000001 ASL  00000061)
[    0.000000] ACPI: FACP 0x000000003FFF00F0 0000F4 (v04 VBOX   VBOXFACP 00000001 ASL  00000061)
[    0.000000] ACPI: DSDT 0x000000003FFF0470 002325 (v02 VBOX   VBOXBIOS 00000002 INTL 20100528)
[    0.000000] ACPI: FACS 0x000000003FFF0200 000040
[    0.000000] ACPI: FACS 0x000000003FFF0200 000040
[    0.000000] ACPI: APIC 0x000000003FFF0240 00005C (v02 VBOX   VBOXAPIC 00000001 ASL  00000061)
[    0.000000] ACPI: SSDT 0x000000003FFF02A0 0001CC (v01 VBOX   VBOXCPUT 00000002 INTL 20100528)
[    0.000000] No NUMA configuration found
[    0.000000] Faking a node at [mem 0x0000000000000000-0x000000003ffeffff]
[    0.000000] NODE_DATA(0) allocated [mem 0x3ffeb000-0x3ffeffff]
[    0.000000] kvm-clock: Using msrs 4b564d01 and 4b564d00
[    0.000000] kvm-clock: cpu 0, msr 0:3ffe3001, primary cpu clock
[    0.000000] kvm-clock: using sched offset of 5438782466 cycles
[    0.000000] clocksource: kvm-clock: mask: 0xffffffffffffffff max_cycles: 0x1cd42e4dffb, max_idle_ns: 881590591483 ns
[    0.000000] Zone ranges:
[    0.000000]   DMA      [mem 0x0000000000001000-0x0000000000ffffff]
[    0.000000]   DMA32    [mem 0x0000000001000000-0x000000003ffeffff]
[    0.000000]   Normal   empty
[    0.000000]   Device   empty
[    0.000000] Movable zone start for each node
[    0.000000] Early memory node ranges
[    0.000000]   node   0: [mem 0x0000000000001000-0x000000000009efff]
[    0.000000]   node   0: [mem 0x0000000000100000-0x000000003ffeffff]
[    0.000000] Initmem setup node 0 [mem 0x0000000000001000-0x000000003ffeffff]
[    0.000000] ACPI: PM-Timer IO Port: 0x4008
[    0.000000] IOAPIC[0]: apic_id 2, version 32, address 0xfec00000, GSI 0-23
[    0.000000] ACPI: INT_SRC_OVR (bus 0 bus_irq 0 global_irq 2 dfl dfl)
[    0.000000] ACPI: INT_SRC_OVR (bus 0 bus_irq 9 global_irq 9 low level)
[    0.000000] Using ACPI (MADT) for SMP configuration information
[    0.000000] smpboot: Allowing 2 CPUs, 0 hotplug CPUs
[    0.000000] PM: Registered nosave memory: [mem 0x00000000-0x00000fff]
[    0.000000] PM: Registered nosave memory: [mem 0x0009f000-0x0009ffff]
[    0.000000] PM: Registered nosave memory: [mem 0x000a0000-0x000effff]
[    0.000000] PM: Registered nosave memory: [mem 0x000f0000-0x000fffff]
[    0.000000] e820: [mem 0x40000000-0xfebfffff] available for PCI devices
[    0.000000] Booting paravirtualized kernel on KVM
[    0.000000] clocksource: refined-jiffies: mask: 0xffffffff max_cycles: 0xffffffff, max_idle_ns: 7645519600211568 ns
[    0.000000] setup_percpu: NR_CPUS:512 nr_cpumask_bits:512 nr_cpu_ids:2 nr_node_ids:1
[    0.000000] PERCPU: Embedded 33 pages/cpu @ffff88003fc00000 s95192 r8192 d31784 u1048576
[    0.000000] Built 1 zonelists in Node order, mobility grouping on.  Total pages: 257912
[    0.000000] Policy zone: DMA32
[    0.000000] Kernel command line: BOOT_IMAGE=/boot/vmlinuz-4.4.0-210-generic root=LABEL=cloudimg-rootfs ro console=tty1 console=ttyS0
[    0.000000] PID hash table entries: 4096 (order: 3, 32768 bytes)
[    0.000000] Memory: 997792K/1048120K available (8644K kernel code, 1332K rwdata, 4044K rodata, 1492K init, 1164K bss, 50328K reserved, 0K cma-reserved)
[    0.000000] SLUB: HWalign=64, Order=0-3, MinObjects=0, CPUs=2, Nodes=1
[    0.000000] Hierarchical RCU implementation.
[    0.000000] 	Build-time adjustment of leaf fanout to 64.
[    0.000000] 	RCU restricting CPUs from NR_CPUS=512 to nr_cpu_ids=2.
[    0.000000] RCU: Adjusting geometry for rcu_fanout_leaf=64, nr_cpu_ids=2
[    0.000000] NR_IRQS:33024 nr_irqs:440 16
[    0.000000] Console: colour VGA+ 80x25
[    0.000000] console [tty1] enabled
[    0.000000] console [ttyS0] enabled
[    0.000000] tsc: Detected 2611.202 MHz processor
[    1.590057] Calibrating delay loop (skipped) preset value.. 5222.40 BogoMIPS (lpj=10444808)
[    1.612757] pid_max: default: 32768 minimum: 301
[    1.629526] ACPI: Core revision 20150930
[    1.646935] ACPI: 2 ACPI AML tables successfully acquired and loaded
[    1.665442] Security Framework initialized
[    1.682994] Yama: becoming mindful.
[    1.698573] AppArmor: AppArmor initialized
[    1.710254] Dentry cache hash table entries: 131072 (order: 8, 1048576 bytes)
[    1.767002] Inode-cache hash table entries: 65536 (order: 7, 524288 bytes)
[    1.797759] Mount-cache hash table entries: 2048 (order: 2, 16384 bytes)
[    1.821591] Mountpoint-cache hash table entries: 2048 (order: 2, 16384 bytes)
[    1.844277] Initializing cgroup subsys io
[    1.859909] Initializing cgroup subsys memory
[    1.875573] Initializing cgroup subsys devices
[    1.885338] Initializing cgroup subsys freezer
[    1.899985] Initializing cgroup subsys net_cls
[    1.915374] Initializing cgroup subsys perf_event
[    1.928222] Initializing cgroup subsys net_prio
[    1.940094] Initializing cgroup subsys hugetlb
[    1.963986] Initializing cgroup subsys pids
[    1.989326] mce: CPU supports 0 MCE banks
[    2.007367] Last level iTLB entries: 4KB 0, 2MB 0, 4MB 0
[    2.023036] Last level dTLB entries: 4KB 0, 2MB 0, 4MB 0, 1GB 0
[    2.049615] Spectre V1 : Mitigation: usercopy/swapgs barriers and __user pointer sanitization
[    2.083545] Spectre V2 : Mitigation: Enhanced IBRS
[    2.103401] Spectre V2 : Spectre v2 / SpectreRSB mitigation: Filling RSB on context switch
[    2.134701] Speculative Store Bypass: Vulnerable
[    2.250432] Freeing SMP alternatives memory: 36K
[    2.474916] ftrace: allocating 32380 entries in 127 pages
[    3.903783] smpboot: APIC(0) Converting physical 0 to logical package 0
[    3.926826] smpboot: Max logical packages: 1
[    3.977588] ..TIMER: vector=0x30 apic1=0 pin1=2 apic2=-1 pin2=-1
[    4.106157] smpboot: CPU0: 12th Gen Intel(R) Core(TM) i7-1255U (family: 0x6, model: 0x9a, stepping: 0x4)
[    4.131192] Performance Events: unsupported p6 CPU model 154 no PMU driver, software events only.
[    4.376256] KVM setup paravirtual spinlock
[    4.392319] x86: Booting SMP configuration:
[    4.404088] .... node  #0, CPUs:      #1
[    4.419797] kvm-clock: cpu 1, msr 0:3ffe3041, secondary cpu clock
[    4.434779] mce: CPU supports 0 MCE banks
[    4.444119] TSC synchronization [CPU#0 -> CPU#1]:
[    4.457045] Measured 49941 cycles TSC warp between CPUs, turning off TSC clock.
[    4.471474] tsc: Marking TSC unstable due to check_tsc_sync_source failed
[    0.942229] x86: Booted up 1 node, 2 CPUs
[    0.944008] smpboot: Total of 2 processors activated (10444.80 BogoMIPS)
[    0.960017] devtmpfs: initialized
[    0.968504] evm: security.selinux
[    0.972012] evm: security.SMACK64
[    0.976008] evm: security.SMACK64EXEC
[    0.980035] evm: security.SMACK64TRANSMUTE
[    0.984006] evm: security.SMACK64MMAP
[    0.988009] evm: security.ima
[    0.992022] evm: security.capability
[    1.000714] clocksource: jiffies: mask: 0xffffffff max_cycles: 0xffffffff, max_idle_ns: 7645041785100000 ns
[    1.004036] futex hash table entries: 512 (order: 3, 32768 bytes)
[    1.012731] pinctrl core: initialized pinctrl subsystem
[    1.017300] RTC time: 13:20:53, date: 05/15/23
[    1.029271] NET: Registered protocol family 16
[    1.044021] cpuidle: using governor ladder
[    1.060021] cpuidle: using governor menu
[    1.064000] PCCT header not found.
[    1.064199] ACPI: bus type PCI registered
[    1.068009] acpiphp: ACPI Hot Plug PCI Controller Driver version: 0.5
[    1.076818] PCI: Using configuration type 1 for base access
[    1.116385] ACPI: Added _OSI(Module Device)
[    1.120007] ACPI: Added _OSI(Processor Device)
[    1.124011] ACPI: Added _OSI(3.0 _SCP Extensions)
[    1.128008] ACPI: Added _OSI(Processor Aggregator Device)
[    1.136513] ACPI: Executed 1 blocks of module-level executable AML code
[    1.156165] ACPI: Interpreter enabled
[    1.160037] ACPI: (supports S0 S5)
[    1.164009] ACPI: Using IOAPIC for interrupt routing
[    1.169754] PCI: Using host bridge windows from ACPI; if necessary, use "pci=nocrs" and report a bug
[    1.258057] ACPI: PCI Root Bridge [PCI0] (domain 0000 [bus 00-ff])
[    1.300028] acpi PNP0A03:00: _OSC: OS supports [ASPM ClockPM Segments MSI]
[    1.325683] acpi PNP0A03:00: _OSC: not requesting OS control; OS requires [ExtendedConfig ASPM ClockPM MSI]
[    1.356020] acpi PNP0A03:00: fail to add MMCONFIG information, can't access extended PCI configuration space under this bridge.
[    1.390239] PCI host bridge to bus 0000:00
[    1.408018] pci_bus 0000:00: root bus resource [io  0x0000-0x0cf7 window]
[    1.428011] pci_bus 0000:00: root bus resource [io  0x0d00-0xffff window]
[    1.448011] pci_bus 0000:00: root bus resource [mem 0x000a0000-0x000bffff window]
[    1.472018] pci_bus 0000:00: root bus resource [mem 0x40000000-0xfdffffff window]
[    1.500017] pci_bus 0000:00: root bus resource [bus 00-ff]
[    1.532529] pci 0000:00:01.1: legacy IDE quirk: reg 0x10: [io  0x01f0-0x01f7]
[    1.552013] pci 0000:00:01.1: legacy IDE quirk: reg 0x14: [io  0x03f6]
[    1.572039] pci 0000:00:01.1: legacy IDE quirk: reg 0x18: [io  0x0170-0x0177]
[    1.596011] pci 0000:00:01.1: legacy IDE quirk: reg 0x1c: [io  0x0376]
[    1.663509] pci 0000:00:07.0: quirk: [io  0x4000-0x403f] claimed by PIIX4 ACPI
[    1.684155] pci 0000:00:07.0: quirk: [io  0x4100-0x410f] claimed by PIIX4 SMB
[    1.733651] ACPI: PCI Interrupt Link [LNKA] (IRQs 5 9 10 *11)
[    1.769490] ACPI: PCI Interrupt Link [LNKB] (IRQs 5 9 *10 11)
[    1.836289] ACPI: PCI Interrupt Link [LNKC] (IRQs 5 *9 10 11)
[    1.865774] ACPI: PCI Interrupt Link [LNKD] (IRQs 5 9 10 *11)
[    1.900728] ACPI: Enabled 2 GPEs in block 00 to 07
[    1.916790] vgaarb: setting as boot device: PCI:0000:00:02.0
[    1.920000] vgaarb: device added: PCI:0000:00:02.0,decodes=io+mem,owns=io+mem,locks=none
[    1.956023] vgaarb: loaded
[    1.968007] vgaarb: bridge control possible 0000:00:02.0
[    1.988617] SCSI subsystem initialized
[    2.000285] ACPI: bus type USB registered
[    2.012146] usbcore: registered new interface driver usbfs
[    2.028035] usbcore: registered new interface driver hub
[    2.048138] usbcore: registered new device driver usb
[    2.064404] PCI: Using ACPI for IRQ routing
[    2.072808] NetLabel: Initializing
[    2.088008] NetLabel:  domain hash size = 128
[    2.096010] NetLabel:  protocols = UNLABELED CIPSOv4
[    2.108025] NetLabel:  unlabeled traffic allowed by default
[    2.124244] amd_nb: Cannot enumerate AMD northbridges
[    2.140575] clocksource: Switched to clocksource kvm-clock
[    2.230297] AppArmor: AppArmor Filesystem Enabled
[    2.230297] pnp: PnP ACPI init
[    2.230297] pnp: PnP ACPI: found 3 devices
[    2.401723] clocksource: acpi_pm: mask: 0xffffff max_cycles: 0xffffff, max_idle_ns: 2085701024 ns
[    2.424344] NET: Registered protocol family 2
[    2.442791] TCP established hash table entries: 8192 (order: 4, 65536 bytes)
[    2.463435] TCP bind hash table entries: 8192 (order: 5, 131072 bytes)
[    2.482135] TCP: Hash tables configured (established 8192 bind 8192)
[    2.499212] UDP hash table entries: 512 (order: 2, 16384 bytes)
[    2.514706] UDP-Lite hash table entries: 512 (order: 2, 16384 bytes)
[    2.529823] NET: Registered protocol family 1
[    2.544804] pci 0000:00:00.0: Limiting direct PCI/PCI transfers
[    2.563252] pci 0000:00:01.0: Activating ISA DMA hang workarounds
[    2.582968] Unpacking initramfs...
[    2.942158] Freeing initrd memory: 14888K
[    3.342795] clocksource: tsc: mask: 0xffffffffffffffff max_cycles: 0x25a3923457a, max_idle_ns: 440795234071 ns
[    3.375889] platform rtc_cmos: registered platform RTC device (no PNP device found)
[    3.400798] Scanning for low memory corruption every 60 seconds
[    3.418335] audit: initializing netlink subsys (disabled)
[    3.443421] audit: type=2000 audit(1684156859.111:1): initialized
[    3.466496] Initialise system trusted keyring
[    3.482318] HugeTLB registered 2 MB page size, pre-allocated 0 pages
[    3.504002] zbud: loaded
[    3.518487] VFS: Disk quotas dquot_6.6.0
[    3.532095] VFS: Dquot-cache hash table entries: 512 (order 0, 4096 bytes)
[    3.556602] squashfs: version 4.0 (2009/01/31) Phillip Lougher
[    3.577432] fuse init (API version 7.23)
[    3.591692] Key type big_key registered
[    3.603758] Allocating IMA MOK and blacklist keyrings.
[    3.637851] Key type asymmetric registered
[    3.655934] Asymmetric key parser 'x509' registered
[    3.666785] Block layer SCSI generic (bsg) driver version 0.4 loaded (major 249)
[    3.689660] io scheduler noop registered
[    3.698623] io scheduler deadline registered (default)
[    3.715374] io scheduler cfq registered
[    3.727186] pci_hotplug: PCI Hot Plug PCI Core version: 0.5
[    3.741887] pciehp: PCI Express Hot Plug Controller Driver version: 0.4
[    3.761910] ACPI: AC Adapter [AC] (on-line)
[    3.772124] input: Power Button as /devices/LNXSYSTM:00/LNXPWRBN:00/input/input0
[    3.792685] ACPI: Power Button [PWRF]
[    3.803096] input: Sleep Button as /devices/LNXSYSTM:00/LNXSLPBN:00/input/input1
[    3.820955] ACPI: Sleep Button [SLPF]
[    3.833332] GHES: HEST is not enabled!
[    3.838203] ACPI: Battery Slot [BAT0] (battery present)
[    3.859914] Serial: 8250/16550 driver, 32 ports, IRQ sharing enabled
[    3.932780] 00:02: ttyS0 at I/O 0x3f8 (irq = 4, base_baud = 115200) is a 16550A
[    3.960499] Linux agpgart interface v0.103
[    4.010211] loop: module loaded
[    4.030092] scsi host0: ata_piix
[    4.042947] scsi host1: ata_piix
[    4.054408] ata1: PATA max UDMA/33 cmd 0x1f0 ctl 0x3f6 bmdma 0xd000 irq 14
[    4.077611] ata2: PATA max UDMA/33 cmd 0x170 ctl 0x376 bmdma 0xd008 irq 15
[    4.099404] libphy: Fixed MDIO Bus: probed
[    4.112323] tun: Universal TUN/TAP device driver, 1.6
[    4.126363] tun: (C) 1999-2004 Max Krasnyansky <maxk@qualcomm.com>
[    4.149452] PPP generic driver version 2.4.2
[    4.163405] ehci_hcd: USB 2.0 'Enhanced' Host Controller (EHCI) Driver
[    4.181906] ehci-pci: EHCI PCI platform driver
[    4.197118] ehci-platform: EHCI generic platform driver
[    4.212571] ohci_hcd: USB 1.1 'Open' Host Controller (OHCI) Driver
[    4.233986] ohci-pci: OHCI PCI platform driver
[    4.250032] ohci-platform: OHCI generic platform driver
[    4.259343] uhci_hcd: USB Universal Host Controller Interface driver
[    4.271751] i8042: PNP: PS/2 Controller [PNP0303:PS2K,PNP0f03:PS2M] at 0x60,0x64 irq 1,12
[    4.295649] serio: i8042 KBD port at 0x60,0x64 irq 1
[    4.319026] serio: i8042 AUX port at 0x60,0x64 irq 12
[    4.335170] mousedev: PS/2 mouse device common for all mice
[    4.351195] input: AT Translated Set 2 keyboard as /devices/platform/i8042/serio0/input/input2
[    4.382062] rtc_cmos rtc_cmos: rtc core: registered rtc_cmos as rtc0
[    4.397435] rtc_cmos rtc_cmos: alarms up to one day, 114 bytes nvram
[    4.416507] i2c /dev entries driver
[    4.429047] device-mapper: uevent: version 1.0.3
[    4.439978] device-mapper: ioctl: 4.34.0-ioctl (2015-10-28) initialised: dm-devel@redhat.com
[    4.466245] ledtrig-cpu: registered to indicate activity on CPUs
[    4.490109] NET: Registered protocol family 10
[    4.505384] NET: Registered protocol family 17
[    4.517997] Key type dns_resolver registered
[    4.530581] registered taskstats version 1
[    4.541920] Loading compiled-in X.509 certificates
[    4.556272] Loaded X.509 cert 'Build time autogenerated kernel key: cf00e047681d67edb2720680708b7d9498083038'
[    4.586218] zswap: loaded using pool lzo/zbud
[    4.614675] Key type trusted registered
[    4.655039] Key type encrypted registered
[    4.668794] AppArmor: AppArmor sha1 policy hashing enabled
[    4.685516] ima: No TPM chip found, activating TPM-bypass!
[    4.700976] ima: Allocated hash algorithm: sha1
[    4.719753] evm: HMAC attrs: 0x1
[    4.734594]   Magic number: 7:769:331
[    4.745207] tty tty52: hash matches
[    4.758211] rtc_cmos rtc_cmos: setting system clock to 2023-05-15 13:20:56 UTC (1684156856)
[    4.778039] BIOS EDD facility v0.16 2004-Jun-25, 0 devices found
[    4.803959] EDD information not available.
[    4.822574] Freeing unused kernel memory: 1492K
[    4.831425] Write protecting the kernel read-only data: 14336k
[    4.853406] Freeing unused kernel memory: 1584K
[    4.869862] Freeing unused kernel memory: 52K
Loading, please wait...
starting version 229
[    4.961779] random: udevadm: uninitialized urandom read (16 bytes read, 6 bits of entropy available)
[    4.961930] random: systemd-udevd: uninitialized urandom read (16 bytes read, 6 bits of entropy available)
[    4.962009] random: systemd-udevd: uninitialized urandom read (16 bytes read, 6 bits of entropy available)
[    4.962020] random: systemd-udevd: uninitialized urandom read (16 bytes read, 6 bits of entropy available)
[    4.962043] random: systemd-udevd: uninitialized urandom read (16 bytes read, 6 bits of entropy available)
[    5.085759] random: udevadm: uninitialized urandom read (16 bytes read, 6 bits of entropy available)
[    5.126511] random: systemd-udevd: uninitialized urandom read (16 bytes read, 6 bits of entropy available)
[    5.130185] random: udevadm: uninitialized urandom read (16 bytes read, 6 bits of entropy available)
[    5.130249] random: udevadm: uninitialized urandom read (16 bytes read, 6 bits of entropy available)
[    5.130538] random: udevadm: uninitialized urandom read (16 bytes read, 6 bits of entropy available)
[    5.280179] e1000: Intel(R) PRO/1000 Network Driver - version 7.3.21-k8-NAPI
[    5.300174] e1000: Copyright (c) 1999-2006 Intel Corporation.
[    5.370892] Fusion MPT base driver 3.04.20
[    5.383174] Copyright (c) 1999-2008 LSI Corporation
[    5.421799] Fusion MPT SPI Host driver 3.04.20
[    5.643017] input: ImExPS/2 Generic Explorer Mouse as /devices/platform/i8042/serio1/input/input4
[    6.745697] e1000 0000:00:03.0 eth0: (PCI:33MHz:32-bit) 02:be:82:6b:cc:1d
[    6.763887] e1000 0000:00:03.0 eth0: Intel(R) PRO/1000 Network Connection
[    7.908431] e1000 0000:00:08.0 eth1: (PCI:33MHz:32-bit) 08:00:27:b5:61:06
[    7.923425] e1000 0000:00:08.0 eth1: Intel(R) PRO/1000 Network Connection
[    7.965869] mptbase: ioc0: Initiating bringup
[    7.997945] e1000 0000:00:03.0 enp0s3: renamed from eth0
[    8.066253] e1000 0000:00:08.0 enp0s8: renamed from eth1
[    8.096022] ioc0: LSI53C1030 A0: Capabilities={Initiator}
[    8.301661] scsi host2: ioc0: LSI53C1030 A0, FwRev=00000000h, Ports=1, MaxQ=256, IRQ=20
[    8.972314] scsi 2:0:0:0: Direct-Access     VBOX     HARDDISK         1.0  PQ: 0 ANSI: 5
[    8.991176] scsi target2:0:0: Beginning Domain Validation
[    9.015584] scsi target2:0:0: Domain Validation skipping write tests
[    9.031391] scsi target2:0:0: Ending Domain Validation
[    9.048906] scsi target2:0:0: asynchronous
[    9.066658] scsi 2:0:1:0: Direct-Access     VBOX     HARDDISK         1.0  PQ: 0 ANSI: 5
[    9.096001] scsi target2:0:1: Beginning Domain Validation
[    9.142889] scsi target2:0:1: Domain Validation skipping write tests
[    9.167690] scsi target2:0:1: Ending Domain Validation
[    9.181775] scsi target2:0:1: asynchronous
[    9.251820] sd 2:0:0:0: Attached scsi generic sg0 type 0
[    9.266750] sd 2:0:1:0: Attached scsi generic sg1 type 0
[    9.283627] sd 2:0:0:0: [sda] 83886080 512-byte logical blocks: (42.9 GB/40.0 GiB)
[    9.365270] sd 2:0:1:0: [sdb] 20480 512-byte logical blocks: (10.5 MB/10.0 MiB)
[    9.369906] sd 2:0:0:0: [sda] Write Protect is off
[    9.371351] sd 2:0:0:0: [sda] Incomplete mode parameter data
[    9.371354] sd 2:0:0:0: [sda] Assuming drive cache: write through
[    9.387579]  sda: sda1
[    9.394764] sd 2:0:0:0: [sda] Attached SCSI disk
[    9.454824] sd 2:0:1:0: [sdb] Write Protect is off
[    9.473344] sd 2:0:1:0: [sdb] Incomplete mode parameter data
[    9.486114] sd 2:0:1:0: [sdb] Assuming drive cache: write through
[    9.529134] sd 2:0:1:0: [sdb] Attached SCSI disk
Begin: Loading essential drivers ... [   11.819714] md: linear personality registered for level -1
[   11.839019] md: multipath personality registered for level -4
[   11.859175] md: raid0 personality registered for level 0
[   11.914979] md: raid1 personality registered for level 1
[   12.014420] raid6: sse2x1   gen()  6443 MB/s
[   12.092275] raid6: sse2x1   xor()  4240 MB/s
[   12.172551] raid6: sse2x2   gen()  6783 MB/s
[   12.249365] raid6: sse2x2   xor()  5675 MB/s
[   12.332187] raid6: sse2x4   gen()  9554 MB/s
[   12.412328] raid6: sse2x4   xor()  4502 MB/s
[   12.424525] raid6: using algorithm sse2x4 gen() 9554 MB/s
[   12.439219] raid6: .... xor() 4502 MB/s, rmw enabled
[   12.452411] raid6: using ssse3x2 recovery algorithm
[   12.472560] xor: measuring software checksum speed
[   12.520720]    prefetch64-sse: 14822.000 MB/sec
[   12.602374]    generic_sse: 24975.000 MB/sec
[   12.614763] xor: using function: generic_sse (24975.000 MB/sec)
[   12.633041] async_tx: api initialized (async)
[   12.745607] md: raid6 personality registered for level 6
[   12.756650] md: raid5 personality registered for level 5
[   12.769190] md: raid4 personality registered for level 4
[   12.826904] md: raid10 personality registered for level 10
done.
Begin: Running /scripts/init-premount ... done.
Begin: Mounting root file system ... Begin: Running /scripts/local-top ... done.
Begin: Running /scripts/local-premount ... [   13.050862] Btrfs loaded
Scanning for Btrfs filesystems
done.
Warning: fsck not present, so skipping root file system
[   13.190163] EXT4-fs (sda1): mounted filesystem with ordered data mode. Opts: (null)
done.
Begin: Running /scripts/local-bottom ... done.
Begin: Running /scripts/init-bottom ... done.
[   13.671805] systemd[1]: systemd 229 running in system mode. (+PAM +AUDIT +SELINUX +IMA +APPARMOR +SMACK +SYSVINIT +UTMP +LIBCRYPTSETUP +GCRYPT +GNUTLS +ACL +XZ -LZ4 +SECCOMP +BLKID +ELFUTILS +KMOD -IDN)
[   13.718437] systemd[1]: Detected virtualization oracle.
[   13.734777] systemd[1]: Detected architecture x86-64.

Welcome to [1mUbuntu 16.04.7 LTS[0m!

[   13.778619] systemd[1]: Set hostname to <ubuntu>.
[   13.801440] systemd[1]: Initializing machine ID from random generator.
[   13.818147] systemd[1]: Installed transient /etc/machine-id file.
[   14.293232] systemd[1]: Listening on Journal Audit Socket.
[[0;32m  OK  [0m] Listening on Journal Audit Socket.
[   14.317104] systemd[1]: Listening on /dev/initctl Compatibility Named Pipe.
[[0;32m  OK  [0m] Listening on /dev/initctl Compatibility Named Pipe.
[   14.350451] systemd[1]: Listening on LVM2 poll daemon socket.
[[0;32m  OK  [0m] Listening on LVM2 poll daemon socket.
[   14.386089] systemd[1]: Listening on Journal Socket.
[[0;32m  OK  [0m] Listening on Journal Socket.
[   14.406364] systemd[1]: Started Forward Password Requests to Wall Directory Watch.
[[0;32m  OK  [0m] Started Forward Password Requests to Wall Directory Watch.
[   14.446843] systemd[1]: Reached target User and Group Name Lookups.
[[0;32m  OK  [0m] Reached target User and Group Name Lookups.
[   14.476124] systemd[1]: Listening on fsck to fsckd communication Socket.
[[0;32m  OK  [0m] Listening on fsck to fsckd communication Socket.
[   14.514660] systemd[1]: Listening on Journal Socket (/dev/log).
[[0;32m  OK  [0m] Listening on Journal Socket (/dev/log).
[   14.546999] systemd[1]: Created slice User and Session Slice.
[[0;32m  OK  [0m] Created slice User and Session Slice.
[   14.575407] systemd[1]: Listening on LVM2 metadata daemon socket.
[[0;32m  OK  [0m] Listening on LVM2 metadata daemon socket.
[   14.607278] systemd[1]: Reached target System Time Synchronized.
[[0;32m  OK  [0m] Reached target System Time Synchronized.
[   14.640136] systemd[1]: Created slice System Slice.
[[0;32m  OK  [0m] Created slice System Slice.
[   14.684516] systemd[1]: Starting Nameserver information manager...
         Starting Nameserver information manager...
[   14.741105] systemd[1]: Starting Create list of required static device nodes for the current kernel...
         Starting Create list of required st... nodes for the current kernel...
[   14.780565] systemd[1]: Mounting Debug File System...
         Mounting Debug File System...
[   14.805912] systemd[1]: Mounting Huge Pages File System...
         Mounting Huge Pages File System...
[   14.831687] systemd[1]: Starting File System Check on Root Device...
[   14.848850] random: nonblocking pool is initialized
         Starting File System Check on Root Device...
[   14.871062] systemd[1]: Starting Set console keymap...
         Starting Set console keymap...
[   14.903612] systemd[1]: Listening on udev Kernel Socket.
[[0;32m  OK  [0m] Listening on udev Kernel Socket.
[   14.938183] systemd[1]: Created slice system-serial\x2dgetty.slice.
[[0;32m  OK  [0m] Created slice system-serial\x2dgetty.slice.
[   14.966952] systemd[1]: Reached target Slices.
[[0;32m  OK  [0m] Reached target Slices.
[   14.996966] systemd[1]: Mounting POSIX Message Queue File System...
         Mounting POSIX Message Queue File System...
[   15.025325] systemd[1]: Started Trigger resolvconf update for networkd DNS.
[[0;32m  OK  [0m] Started Trigger resolvconf update for networkd DNS.
[   15.064899] systemd[1]: Starting Load Kernel Modules...
         Starting Load Kernel Modules...
[   15.082735] systemd[1]: Starting Uncomplicated firewall...
         Starting Uncomplicated firewall...
[   15.108820] systemd[1]: Listening on Device-mapper event daemon FIFOs.
[[0;32m  OK  [0m] Listening on Device-mapper event daemon FIFOs.
[   15.139096] Loading iSCSI transport class v2.0-870.
[   15.177342] iscsi: registered transport (tcp)
[   15.177433] systemd[1]: Starting Monitoring of LVM2 mirrors, snapshots etc. using dmeventd or progress polling...
         Starting Monitoring of LVM2 mirrors... dmeventd or progress polling...
[   15.230450] systemd[1]: Reached target Encrypted Volumes.
[[0;32m  OK  [0m] Reached target Encrypted Volumes.
[   15.254930] systemd[1]: Reached target Swap.
[[0;32m  OK  [0m] Reached target Swap.
[   15.287281] systemd[1]: Listening on Syslog Socket.
[[0;32m  OK  [0m] Listening on Syslog Socket.
[   15.377659] systemd[1]: Starting Journal Service...
         Starting Journal Service...
[   15.409700] systemd[1]: Set up automount Arbitrary Executable File Formats File System Automount Point.
[[0;32m  OK  [0m] Set up automount Arbitrary Executab...ats File System Automount Point.
[   15.477223] systemd[1]: Listening on udev Control Socket.
[[0;32m  OK  [0m] Listening on udev Control Socket.
[   15.518416] systemd[1]: Mounted Huge Pages File System.
[[0;32m  OK  [0m] Mounted Huge Pages File System.[   15.547706] iscsi: registered transport (iser)

[   15.561804] systemd[1]: Mounted POSIX Message Queue File System.
[[0;32m  OK  [0m] Mounted POSIX Message Queue File System.
[   15.586311] systemd[1]: Mounted Debug File System.
[[0;32m  OK  [0m] Mounted Debug File System.
[   15.614678] systemd[1]: Started Journal Service.
[[0;32m  OK  [0m] Started Journal Service.
[[0;32m  OK  [0m] Started Create list of required sta...ce nodes for the current kernel.
[[0;32m  OK  [0m] Started File System Check on Root Device.
[[0;32m  OK  [0m] Started Set console keymap.
[[0;32m  OK  [0m] Started Load Kernel Modules.
[[0;32m  OK  [0m] Started Uncomplicated firewall.
[[0;32m  OK  [0m] Started Nameserver information manager.
[[0;32m  OK  [0m] Started LVM2 metadata daemon.
[[0;32m  OK  [0m] Started File System Check Daemon to report status.
         Mounting FUSE Control File System...
         Starting Apply Kernel Variables...
         Starting Remount Root and Kernel File Systems...
[   15.869746] EXT4-fs (sda1): re-mounted. Opts: (null)
         Starting Create Static Device Nodes in /dev...
[[0;32m  OK  [0m] Mounted FUSE Control File System.
[[0;32m  OK  [0m] Started Apply Kernel Variables.
[[0;32m  OK  [0m] Started Remount Root and Kernel File Systems.
[[0;32m  OK  [0m] Started Create Static Device Nodes in /dev.
         Starting udev Kernel Device Manager...
         Starting Load/Save Random Seed...
         Starting Flush Journal to Persistent Storage...
         Starting udev Coldplug all Devices...
[[0;32m  OK  [0m] Started Load/Save Random Seed.
[[0;32m  OK  [0m] Started Flush Journal to Persistent Storage.
[[0;32m  OK  [0m] Started Monitoring of LVM2 mirrors,...ng dmeventd or progress polling.
[[0;32m  OK  [0m] Started udev Kernel Device Manager.
[[0;32m  OK  [0m] Reached target Local File Systems (Pre).
[[0;32m  OK  [0m] Reached target Local File Systems.
         Starting LSB: AppArmor initialization...
         Starting Commit a transient machine-id on disk...
         Starting Initial cloud-init job (pre-networking)...
         Starting Set console font and keymap...
         Starting Tell Plymouth To Write Out Runtime Data...
         Starting Create Volatile Files and Directories...
[[0;32m  OK  [0m] Started Commit a transient machine-id on disk.
[[0;32m  OK  [0m] Started Tell Plymouth To Write Out Runtime Data.
[[0;32m  OK  [0m] Started Create Volatile Files and Directories.
         Starting Update UTMP about System Boot/Shutdown...
[[0;32m  OK  [0m] Started udev Coldplug all Devices.
[[0;32m  OK  [0m] Started Dispatch Password Requests to Console Directory Watch.
[[0;32m  OK  [0m] Started Update UTMP about System Boot/Shutdown.
[[0;32m  OK  [0m] Found device /dev/ttyS0.
[[0;32m  OK  [0m] Listening on Load/Save RF Kill Switch Status /dev/rfkill Watch.
[[0;32m  OK  [0m] Started LSB: AppArmor initialization.
         Starting Load AppArmor profiles managed internally by snapd...
[   20.101475] cloud-init[482]: Cloud-init v. 21.1-19-gbad84ad4-0ubuntu1~16.04.2 running 'init-local' at Mon, 15 May 2023 13:21:10 +0000. Up 18.96 seconds.
[[0;32m  OK  [0m] Started Load AppArmor profiles managed internally by snapd.
[[0;32m  OK  [0m] Started Initial cloud-init job (pre-networking).
[[0;32m  OK  [0m] Reached target Network (Pre).
         Starting Raise network interfaces...
[[0;32m  OK  [0m] Started Set console font and keymap.
[[0;32m  OK  [0m] Created slice system-getty.slice.
[[0;32m  OK  [0m] Started Raise network interfaces.
[[0;32m  OK  [0m] Reached target Network.
         Starting Initial cloud-init job (metadata service crawler)...
[   24.310527] cloud-init[950]: Cloud-init v. 21.1-19-gbad84ad4-0ubuntu1~16.04.2 running 'init' at Mon, 15 May 2023 13:21:14 +0000. Up 23.21 seconds.
[   24.327717] cloud-init[950]: ci-info: ++++++++++++++++++++++++++++++++++++++Net device info+++++++++++++++++++++++++++++++++++++++
[   24.350685] cloud-init[950]: ci-info: +--------+-------+----------------------------+---------------+--------+-------------------+
[   24.370960] cloud-init[950]: ci-info: | Device |   Up  |          Address           |      Mask     | Scope  |     Hw-Address    |
[   24.386994] cloud-init[950]: ci-info: +--------+-------+----------------------------+---------------+--------+-------------------+
[   24.399015] cloud-init[950]: ci-info: | enp0s3 |  True |         10.0.2.15          | 255.255.255.0 | global | 02:be:82:6b:cc:1d |
[   24.418133] cloud-init[950]: ci-info: | enp0s3 |  True | fe80::be:82ff:fe6b:cc1d/64 |       .       |  link  | 02:be:82:6b:cc:1d |
[   24.434184] cloud-init[950]: ci-info: | enp0s8 | False |             .              |       .       |   .    | 08:00:27:b5:61:06 |
[   24.448656] cloud-init[950]: ci-info: |   lo   |  True |         127.0.0.1          |   255.0.0.0   |  host  |         .         |
[   24.464336] cloud-init[950]: ci-info: |   lo   |  True |          ::1/128           |       .       |  host  |         .         |
[   24.482750] cloud-init[950]: ci-info: +--------+-------+----------------------------+---------------+--------+-------------------+
[   24.496972] cloud-init[950]: ci-info: +++++++++++++++++++++++++++Route IPv4 info++++++++++++++++++++++++++++
[   24.510829] cloud-init[950]: ci-info: +-------+-------------+----------+---------------+-----------+-------+
[   24.521574] cloud-init[950]: ci-info: | Route | Destination | Gateway  |    Genmask    | Interface | Flags |
[   24.533386] cloud-init[950]: ci-info: +-------+-------------+----------+---------------+-----------+-------+
[   24.544916] cloud-init[950]: ci-info: |   0   |   0.0.0.0   | 10.0.2.2 |    0.0.0.0    |   enp0s3  |   UG  |
[   24.555277] cloud-init[950]: ci-info: |   1   |   10.0.2.0  | 0.0.0.0  | 255.255.255.0 |   enp0s3  |   U   |
[   24.566978] cloud-init[950]: ci-info: +-------+-------------+----------+---------------+-----------+-------+
[   24.582762] cloud-init[950]: ci-info: +++++++++++++++++++Route IPv6 info+++++++++++++++++++
[[0;32m  OK  [0m] Started Initial cloud-init job (metadata service crawler).
[[0;32m  OK  [0m] Reached target Cloud-config availability.
[[0;32m  OK  [0m] Reached target System Initialization.
[[0;32m  OK  [0m] Started Daily Cleanup of Temporary Directories.
[[0;32m  OK  [0m] Listening on D-Bus System Message Bus Socket.
[   24.595706] cloud-init[950]: ci-info: +-------+-------------+---------+-----------+-------+
[[0;32m  OK  [0m] Started ACPI Events Check.
[[0;32m  OK  [0m] Reached target Paths.
[[   24.633812] cloud-init[950]: ci-info: | Route | Destination | Gateway | Interface | Flags |
[   24.651654] cloud-init[950]: ci-info: +-------+-------------+---------+-----------+-------+
[   24.651699] cloud-init[950]: ci-info: |   0   |  fe80::/64  |    ::   |   enp0s3  |   U   |
[   24.651758] cloud-init[950]: ci-info: |   3   |   ff00::/8  |    ::   |   enp0s3  |   U   |
[   24.653982] cloud-init[950]: ci-info: +-------+-------------+---------+-----------+-------+
[   24.655063] cloud-init[950]: Generating public/private rsa key pair.
[   24.657501] cloud-init[950]: Your identification has been saved in /etc/ssh/ssh_host_rsa_key.
[   24.658680] cloud-init[950]: Your public key has been saved in /etc/ssh/ssh_host_rsa_key.pub.
[   24.659910] cloud-init[950]: The key fingerprint is:
[   24.661268] cloud-init[950]: SHA256:lKrDcuz8XxdnF+8WJlk83X6lvxCCBoxgt1Bfq4CzhMU root@ubuntu-xenial
[   24.661305] cloud-init[950]: The key's randomart image is:
[   24.661360] cloud-init[950]: +---[RSA 2048]----+
[   24.661424] cloud-init[950]: |  .=.o   .       |
[   24.661454] cloud-init[950]: |  +E= = ...   . o|
[   24.662851] cloud-init[950]: | . + + +o.     =+|
[   24.665071] cloud-init[950]: |  . o .oo .   oo=|
[   24.665671] cloud-init[950]: |   .  ..So ..++o=|
[   24.665703] cloud-init[950]: |   o .  .   .+++o|
[   24.667893] cloud-init[950]: |  . *     . ..  +|
[   24.669965] cloud-init[950]: |   = .   . .  ...|
[   24.671283] cloud-init[950]: |    o....      . |
[   24.674011] cloud-init[950]: +----[SHA256]-----+
[   24.674618] cloud-init[950]: Generating public/private dsa key pair.
[   24.677117] cloud-init[950]: Your identification has been saved in /etc/ssh/ssh_host_dsa_key.
[   24.678008] cloud-init[950]: Your public key has been saved in /etc/ssh/ssh_host_dsa_key.pub.
[   24.679161] cloud-init[950]: The key fingerprint is:
[   24.681616] cloud-init[950]: SHA256:o5hQRBvZgKGYNxb3QEAeBru7zHAW51rIMZhtplo+Moc root@ubuntu-xenial
[   24.682709] cloud-init[950]: The key's randomart image is:
[   24.683326] cloud-init[950]: +---[DSA 1024]----+
[   24.685990] cloud-init[950]: |.oB*O+           |
[   24.687307] cloud-init[950]: |.*.=.=.          |
[   24.689714] cloud-init[950]: |= = o .          |
[   24.690354] cloud-init[950]: | B o             |
[   24.690977] cloud-init[950]: |+ O .   S        |
[   24.691846] cloud-init[950]: | * O o . .       |
[   24.694618] cloud-init[950]: |+.* = .          |
[   24.695866] cloud-init[950]: |E*oo             |
[   24.698752] cloud-init[950]: |o*o.             |
[   24.699992] cloud-init[950]: +----[SHA256]-----+
[   24.702665] cloud-init[950]: Generating public/private ecdsa key pair.
[   24.703686] cloud-init[950]: Your identification has been saved in /etc/ssh/ssh_host_ecdsa_key.
[   24.706195] cloud-init[950]: Your public key has been saved in /etc/ssh/ssh_host_ecdsa_key.pub.
[   24.707454] cloud-init[950]: The key fingerprint is:
[   24.709963] cloud-init[950]: SHA256:UyjOpN7eIk42vZt8bl9msBvI5+rWUzeVmIVAWiWyGG4 root@ubuntu-xenial
[   24.710947] cloud-init[950]: The key's randomart image is:
[   24.711691] cloud-init[950]: +---[ECDSA 256]---+
[   24.711722] cloud-init[950]: |       . ..=o..  |
[   24.714424] cloud-init[950]: |      . o.= .. . |
[   24.715675] cloud-init[950]: |      oE.o.   + .|
[   24.717663] cloud-init[950]: |     =.. .   o ..|
[   24.718309] cloud-init[950]: |    . o S .    . |
[   24.718953] cloud-init[950]: |   . o . o o. o  |
[   24.719776] cloud-init[950]: |    = o o.+.+. . |
[   24.719821] cloud-init[950]: |   o.+.++oo*     |
[   24.719853] cloud-init[950]: |   ...*O=o+.     |
[   24.719882] cloud-init[950]: +----[SHA256]-----+
[   24.719910] cloud-init[950]: Generating public/private ed25519 key pair.
[   24.719939] cloud-init[950]: Your identification has been saved in /etc/ssh/ssh_host_ed25519_key.
[   24.719966] cloud-init[950]: Your public key has been saved in /etc/ssh/ssh_host_ed25519_key.pub.
[   24.719996] cloud-init[950]: The key fingerprint is:
[   24.720033] cloud-init[950]: SHA256:dKq1BcldljMeCVl3mr+vbsmh6zFBCgHXIPpZnzxVv9A root@ubuntu-xenial
[   24.720063] cloud-init[950]: The key's randomart image is:
[   24.720313] cloud-init[950]: +--[ED25519 256]--+
[   24.721011] cloud-init[950]: |      o.+o.++oo .|
[   24.721680] cloud-init[950]: |     . + +oo*o.= |
[   24.722691] cloud-init[950]: |    .   B o.o=oE.|
[   24.723192] cloud-init[950]: |     . + B =. ...|
[   24.723840] cloud-init[950]: |      o S B .  ..|
[   24.725510] cloud-init[950]: |       o o . .. .|
[   24.726694] cloud-init[950]: |      . .   oo + |
[   24.727972] cloud-init[950]: |            .o+ .|
[   24.730671] cloud-init[950]: |           .o+o..|
[   24.733787] cloud-init[950]: +----[SHA256]-----+
[0;32m  OK  [0m] Started Daily apt download activities.
[[0;32m  OK  [0m] Started Daily apt upgrade and clean activities.
[[0;32m  OK  [0m] Listening on UUID daemon activation socket.
[[0;32m  OK  [0m] Started Ubuntu Advantage update messaging.
         Starting Socket activation for snappy daemon.
[[0;32m  OK  [0m] Started Message of the Day.
         Starting LXD - unix socket.
[[0;32m  OK  [0m] Reached target Timers.
[[0;32m  OK  [0m] Listening on ACPID Listen Socket.
[[0;32m  OK  [0m] Reached target Network is Online.
         Starting iSCSI initiator daemon (iscsid)...
[[0;32m  OK  [0m] Listening on Socket activation for snappy daemon.
[[0;32m  OK  [0m] Listening on LXD - unix socket.
[[0;32m  OK  [0m] Reached target Sockets.
[[0;32m  OK  [0m] Reached target Basic System.
[[0;32m  OK  [0m] Started FUSE filesystem for LXC.
         Starting Login Service...
[[0;32m  OK  [0m] Started Deferred execution scheduler.
         Starting /etc/rc.local Compatibility...
[[0;32m  OK  [0m] Started Regular background program processing daemon.
[[0;32m  OK  [0m] Started D-Bus System Message Bus.
         Starting Accounts Service...
         Starting System Logging Service...
         Starting Pollinate to seed the pseudo random number generator...
         Starting LSB: MD monitoring daemon...
[[0;32m  OK  [0m] Started ACPI event daemon.
         Starting LXD - container startup/shutdown...
         Starting LSB: Record successful boot for GRUB...
         Starting Virtualbox guest utils...
         Starting Snap Daemon...
[[0;32m  OK  [0m] Started System Logging Service.
[[0;32m  OK  [0m] Started /etc/rc.local Compatibility.
[[0;32m  OK  [0m] Started iSCSI initiator daemon (iscsid).
[[0;32m  OK  [0m] Started Login Service.
[[0;32m  OK  [0m] Started Unattended Upgrades Shutdown.
         Starting Authenticate and Authorize Users to Run Privileged Tasks...
         Starting Login to default iSCSI targets...
[[0;32m  OK  [0m] Started LSB: MD monitoring daemon.
[[0;32m  OK  [0m] Started LSB: Record successful boot for GRUB.
[[0;32m  OK  [0m] Started LXD - container startup/shutdown.
[[0;32m  OK  [0m] Started Login to default iSCSI targets.
[[0;32m  OK  [0m] Reached target Remote File Systems (Pre).
[[0;32m  OK  [0m] Reached target Remote File Systems.
         Starting LSB: Set the CPU Frequency Scaling governor to "ondemand"...
         Starting LSB: daemon to balance interrupts for SMP systems...
         Starting Permit User Sessions...
         Starting LSB: automatic crash report generation...
[[0;32m  OK  [0m] Started Permit User Sessions.
[[0;32m  OK  [0m] Started Authenticate and Authorize Users to Run Privileged Tasks.
[[0;32m  OK  [0m] Started Accounts Service.
         Starting Terminate Plymouth Boot Screen...
         Starting Hold until boot process finishes up...
[[0;32m  OK  [0m] Started Terminate Plymouth Boot Screen.
[[0;32m  OK  [0m] Started Hold until boot process finishes up.
[[0;32m  OK  [0m] Started Serial Getty on ttyS0.
[[0;32m  OK  [0m] Started Getty on tty1.
[[0;32m  OK  [0m] Reached target Login Prompts.
         Starting Set console scheme...
[[0;32m  OK  [0m] Started LSB: Set the CPU Frequency Scaling governor to "ondemand".
[[0;32m  OK  [0m] Started Virtualbox guest utils.
[[0;32m  OK  [0m] Started Set console scheme.
[[0;32m  OK  [0m] Started LSB: automatic crash report generation.
[[0;32m  OK  [0m] Started LSB: daemon to balance interrupts for SMP systems.
[[0;32m  OK  [0m] Started Pollinate to seed the pseudo random number generator.
         Starting OpenBSD Secure Shell server...
[[0;32m  OK  [0m] Started OpenBSD Secure Shell server.
[[0;32m  OK  [0m] Started Snap Daemon.
         Starting Wait until snapd is fully seeded...
[[0;32m  OK  [0m] Started Wait until snapd is fully seeded.
         Starting Apply the settings specified in cloud-config...
[[0;32m  OK  [0m] Reached target Multi-User System.
[[0;32m  OK  [0m] Reached target Graphical Interface.
         Starting Update UTMP about System Runlevel Changes...
[[0;32m  OK  [0m] Created slice User Slice of vagrant.
         Starting User Manager for UID 1000...
[[0;32m  OK  [0m] Started Update UTMP about System Runlevel Changes.
[[0;32m  OK  [0m] Started Session 1 of user vagrant.
[[0;32m  OK  [0m] Started User Manager for UID 1000.
[   29.730466] cloud-init[1299]: Generating locales (this might take a while)...

Ubuntu 16[   33.113316] cloud-init[1299]:   en_US.UTF-8... done
[   33.113874] cloud-init[1299]: Generation complete.
.04.7 LTS ubuntu-xenial ttyS0

ubuntu-xenial login: [   34.118554] cloud-init[1299]: Cloud-init v. 21.1-19-gbad84ad4-0ubuntu1~16.04.2 running 'modules:config' at Mon, 15 May 2023 13:21:21 +0000. Up 29.46 seconds.
ci-info: no authorized SSH keys fingerprints found for user ubuntu.
<14>May 15 13:21:26 ec2: 
<14>May 15 13:21:26 ec2: #############################################################
<14>May 15 13:21:26 ec2: -----BEGIN SSH HOST KEY FINGERPRINTS-----
<14>May 15 13:21:26 ec2: 1024 SHA256:o5hQRBvZgKGYNxb3QEAeBru7zHAW51rIMZhtplo+Moc root@ubuntu-xenial (DSA)
<14>May 15 13:21:26 ec2: 256 SHA256:UyjOpN7eIk42vZt8bl9msBvI5+rWUzeVmIVAWiWyGG4 root@ubuntu-xenial (ECDSA)
<14>May 15 13:21:26 ec2: 256 SHA256:dKq1BcldljMeCVl3mr+vbsmh6zFBCgHXIPpZnzxVv9A root@ubuntu-xenial (ED25519)
<14>May 15 13:21:26 ec2: 2048 SHA256:lKrDcuz8XxdnF+8WJlk83X6lvxCCBoxgt1Bfq4CzhMU root@ubuntu-xenial (RSA)
<14>May 15 13:21:26 ec2: -----END SSH HOST KEY FINGERPRINTS-----
<14>May 15 13:21:26 ec2: #############################################################
-----BEGIN SSH HOST KEY KEYS-----
ecdsa-sha2-nistp256 AAAAE2VjZHNhLXNoYTItbmlzdHAyNTYAAAAIbmlzdHAyNTYAAABBBOT8PVgiBkBGXed+nehd/jtv/pmp+dsuyf+GXOdjwzsiaY1ZYutLUCyM//Uvh7AlN1XvLKPzNpWqkhP6SJ1TKng= root@ubuntu-xenial
ssh-ed25519 AAAAC3NzaC1lZDI1NTE5AAAAIKeZH6HL24/98V8seIhwIlJDz3SSqiVtvO9Fhb/ohsZn root@ubuntu-xenial
ssh-rsa AAAAB3NzaC1yc2EAAAADAQABAAABAQDWPxiOurRoUW3PIeyulehQ4uwQvM2RpHPHBBS990rFngcXuejP2OXbebV4omCxga72VCiSZRZMsOXoSMn29Uk+UEf32Q7Ki0Jwtr7hikkwEW1MRcSCxBzjIv4AIg3z3RLxxi1+tRH9CXxVskFR4zkN2tOC32gIbhrNI3PEi+s5UuJGin8K/NgxsPak6eTCekIC2XNeRTj4e0p3XPCIx9PQRadJCoNxmkIdnLMA4d27oL5y1lpZRdueUIcUtpqZ78/0vCjvh4HTipwJTI4dlA0ZS+cIIDnOyXb1Y+ZOeDpnWaSnNfAsFZR0/52NmZp6JOyjymonH8z9x5orZYl339Z7 root@ubuntu-xenial
-----END SSH HOST KEY KEYS-----
[   35.157418] cloud-init[1557]: Cloud-init v. 21.1-19-gbad84ad4-0ubuntu1~16.04.2 running 'modules:final' at Mon, 15 May 2023 13:21:26 +0000. Up 34.68 seconds.
[   35.157509] cloud-init[1557]: ci-info: no authorized SSH keys fingerprints found for user ubuntu.
[   35.157549] cloud-init[1557]: Cloud-init v. 21.1-19-gbad84ad4-0ubuntu1~16.04.2 finished at Mon, 15 May 2023 13:21:26 +0000. Datasource DataSourceNoCloud [seed=/dev/sdb][dsmode=net].  Up 35.04 seconds
